========================================================================================
Report      : INFO
Date        : Wed Apr 04 11:20:45 PDT 2018
Description : Not installing a signal handler for the already ignored signal 2.
Node        : Valinor
Process     : java <11923>
Thread      : main thread 7f597edde700
Internals   : V6.4.140320OSS/24b1387/24b1387/os_signalHandlerThread/os_signalHandler.c/793/0/1522866045.521423021
========================================================================================
Report      : INFO
Date        : Wed Apr 04 11:20:45 PDT 2018
Description : u_domainNew:Database allocated on heap
Node        : Valinor
Process     : java <11923>
Thread      : spliced 7f597c010700
Internals   : V6.4.140320OSS/24b1387/24b1387/user::u_domain::u_domainNew/u_domain.c/706/0/1522866045.525641842
========================================================================================
Report      : INFO
Date        : Wed Apr 04 11:20:45 PDT 2018
Description : ---------------------------------------------------------------
              -- The service is using the following configuration settings --
              ---------------------------------------------------------------
              Domain (id)          : ospl_sp_ddsi (0)
              Storage              : 10240 Kbytes
              Storage threshold    : 1024 Kbytes
              Storage address      : Not available
              Locking              : default
              Memory mode          : Heap memory
              Builtin topics       : true
              Priority inheritance : false
Node        : Valinor
Process     : java <11923>
Thread      : spliced 7f597c010700
Internals   : V6.4.140320OSS/24b1387/24b1387/The OpenSplice domain service/u_domain.c/827/0/1522866045.528562660
========================================================================================
Report      : INFO
Date        : Wed Apr 04 11:20:45 PDT 2018
Description : ++++++++++++++++++++++++++++++++++++++++++++++++
              ++ The service 'splicedaemon' is now operational. 
              ++++++++++++++++++++++++++++++++++++++++++++++++
Node        : Valinor
Process     : java <11923>
Thread      : spliced 7f597c010700
Internals   : V6.4.140320OSS/24b1387/24b1387/v_serviceChangeState/v_service.c/329/0/1522866045.528865128
========================================================================================
Report      : INFO
Date        : Wed Apr 04 11:20:45 PDT 2018
Description : ++++++++++++++++++++++++++++++++++++++++++++++++
              ++ The service 'ddsi2' is now operational. 
              ++++++++++++++++++++++++++++++++++++++++++++++++
Node        : Valinor
Process     : java <11923>
Thread      : ddsi2 7f594838f700
Internals   : V6.4.140320OSS/24b1387/24b1387/v_serviceChangeState/v_service.c/329/0/1522866045.532039368
========================================================================================
Report      : INFO
Date        : Wed Apr 04 11:20:45 PDT 2018
Description : The durability service can by identified by ID: 957085789
Node        : Valinor
Process     : java <11923>
Thread      : durability 7f595c378700
Internals   : V6.4.140320OSS/24b1387/24b1387/DurabilityService/d_durability.c/476/0/1522866045.534592312
========================================================================================
Report      : INFO
Date        : Wed Apr 04 11:20:49 PDT 2018
Description : ++++++++++++++++++++++++++++++++++++++++++++++++
              ++ The service 'durability' is now operational. 
              ++++++++++++++++++++++++++++++++++++++++++++++++
Node        : Valinor
Process     : java <11923>
Thread      : durability 7f595c378700
Internals   : V6.4.140320OSS/24b1387/24b1387/v_serviceChangeState/v_service.c/329/0/1522866049.742956038
